Generated at 2013-11-26 21:07:58 +0000
SyntaxError: /var/chef/cookbooks/infra/recipes/default.rb:1: syntax error, unexpected tASSOC, expecting $end
"resolver" => {
             ^
/opt/chef/embedded/lib/ruby/gems/1.9.1/gems/chef-11.8.0/lib/chef/mixin/from_file.rb:30:in `instance_eval'
/opt/chef/embedded/lib/ruby/gems/1.9.1/gems/chef-11.8.0/lib/chef/mixin/from_file.rb:30:in `from_file'
/opt/chef/embedded/lib/ruby/gems/1.9.1/gems/chef-11.8.0/lib/chef/cookbook_version.rb:237:in `load_recipe'
/opt/chef/embedded/lib/ruby/gems/1.9.1/gems/chef-11.8.0/lib/chef/run_context.rb:151:in `load_recipe'
/opt/chef/embedded/lib/ruby/gems/1.9.1/gems/chef-11.8.0/lib/chef/run_context/cookbook_compiler.rb:139:in `block in compile_recipes'
/opt/chef/embedded/lib/ruby/gems/1.9.1/gems/chef-11.8.0/lib/chef/run_context/cookbook_compiler.rb:137:in `each'
/opt/chef/embedded/lib/ruby/gems/1.9.1/gems/chef-11.8.0/lib/chef/run_context/cookbook_compiler.rb:137:in `compile_recipes'
/opt/chef/embedded/lib/ruby/gems/1.9.1/gems/chef-11.8.0/lib/chef/run_context/cookbook_compiler.rb:74:in `compile'
/opt/chef/embedded/lib/ruby/gems/1.9.1/gems/chef-11.8.0/lib/chef/run_context.rb:86:in `load'
/opt/chef/embedded/lib/ruby/gems/1.9.1/gems/chef-11.8.0/lib/chef/client.rb:250:in `setup_run_context'
/opt/chef/embedded/lib/ruby/gems/1.9.1/gems/chef-11.8.0/lib/chef/client.rb:498:in `do_run'
/opt/chef/embedded/lib/ruby/gems/1.9.1/gems/chef-11.8.0/lib/chef/client.rb:199:in `block in run'
/opt/chef/embedded/lib/ruby/gems/1.9.1/gems/chef-11.8.0/lib/chef/client.rb:193:in `fork'
/opt/chef/embedded/lib/ruby/gems/1.9.1/gems/chef-11.8.0/lib/chef/client.rb:193:in `run'
/opt/chef/embedded/lib/ruby/gems/1.9.1/gems/chef-11.8.0/lib/chef/application.rb:208:in `run_chef_client'
/opt/chef/embedded/lib/ruby/gems/1.9.1/gems/chef-11.8.0/lib/chef/application/solo.rb:221:in `block in run_application'
/opt/chef/embedded/lib/ruby/gems/1.9.1/gems/chef-11.8.0/lib/chef/application/solo.rb:213:in `loop'
/opt/chef/embedded/lib/ruby/gems/1.9.1/gems/chef-11.8.0/lib/chef/application/solo.rb:213:in `run_application'
/opt/chef/embedded/lib/ruby/gems/1.9.1/gems/chef-11.8.0/lib/chef/application.rb:66:in `run'
/opt/chef/embedded/lib/ruby/gems/1.9.1/gems/chef-11.8.0/bin/chef-solo:25:in `<top (required)>'
/usr/bin/chef-solo:23:in `load'
/usr/bin/chef-solo:23:in `<main>'